[2025-11-25 08:56:29] local.ERROR: Undefined variable $totalClosed {"view":{"view":"/home/u409593045/domains/aviat.id/public_html/prima_system/ticketing_system/resources/views/dashbord/index.blade.php","data":[]},"userId":689,"exception":"[object] (Spatie\\LaravelIgnition\\Exceptions\\ViewException(code: 0): Undefined variable $totalClosed at /home/u409593045/domains/aviat.id/public_html/prima_system/ticketing_system/resources/views/dashbord/index.blade.php:12)
[stacktrace]
#0 /home/u409593045/domains/aviat.id/public_html/prima_system/ticketing_system/vendor/laravel/framework/src/Illuminate/Filesystem/Filesystem.php(123): require('/home/u40959304...')
#1 /home/u409593045/domains/aviat.id/public_html/prima_system/ticketing_system/vendor/laravel/framework/src/Illuminate/Filesystem/Filesystem.php(124): Illuminate\\Filesystem\\Filesystem::Illuminate\\Filesystem\\{closure}()
#2 /home/u409593045/domains/aviat.id/public_html/prima_system/ticketing_system/vendor/laravel/framework/src/Illuminate/View/Engines/PhpEngine.php(58): Illuminate\\Filesystem\\Filesystem->getRequire()
#3 /home/u409593045/domains/aviat.id/public_html/prima_system/ticketing_system/vendor/laravel/framework/src/Illuminate/View/Engines/CompilerEngine.php(72): Illuminate\\View\\Engines\\PhpEngine->evaluatePath()
#4 /home/u409593045/domains/aviat.id/public_html/prima_system/ticketing_system/vendor/laravel/framework/src/Illuminate/View/View.php(207): Illuminate\\View\\Engines\\CompilerEngine->get()
#5 /home/u409593045/domains/aviat.id/public_html/prima_system/ticketing_system/vendor/laravel/framework/src/Illuminate/View/View.php(190): Illuminate\\View\\View->getContents()
#6 /home/u409593045/domains/aviat.id/public_html/prima_system/ticketing_system/vendor/laravel/framework/src/Illuminate/View/View.php(159): Illuminate\\View\\View->renderContents()
#7 /home/u409593045/domains/aviat.id/public_html/prima_system/ticketing_system/vendor/laravel/framework/src/Illuminate/Http/Response.php(69): Illuminate\\View\\View->render()
#8 /home/u409593045/domains/aviat.id/public_html/prima_system/ticketing_system/vendor/laravel/framework/src/Illuminate/Http/Response.php(35): Illuminate\\Http\\Response->setContent()
#9 /home/u409593045/domains/aviat.id/public_html/prima_system/ticketing_system/vendor/laravel/framework/src/Illuminate/Routing/Router.php(918): Illuminate\\Http\\Response->__construct()
#10 /home/u409593045/domains/aviat.id/public_html/prima_system/ticketing_system/vendor/laravel/framework/src/Illuminate/Routing/Router.php(885): Illuminate\\Routing\\Router::toResponse()
#11 /home/u409593045/domains/aviat.id/public_html/prima_system/ticketing_system/vendor/laravel/framework/src/Illuminate/Routing/Router.php(805): Illuminate\\Routing\\Router->prepareResponse()
#12 /home/u409593045/domains/aviat.id/public_html/prima_system/ticketing_system/vendor/laravel/framework/src/Illuminate/Pipeline/Pipeline.php(144): Illuminate\\Routing\\Router->Illuminate\\Routing\\{closure}()
#13 /home/u409593045/domains/aviat.id/public_html/prima_system/ticketing_system/app/Http/Middleware/PreventBackHistory.php(18): Illuminate\\Pipeline\\Pipeline->Illuminate\\Pipeline\\{closure}()
#14 /home/u409593045/domains/aviat.id/public_html/prima_system/ticketing_system/vendor/laravel/framework/src/Illuminate/Pipeline/Pipeline.php(183): App\\Http\\Middleware\\PreventBackHistory->handle()
#15 /home/u409593045/domains/aviat.id/public_html/prima_system/ticketing_system/app/Http/Middleware/MenuMiddleware.php(23): Illuminate\\Pipeline\\Pipeline->Illuminate\\Pipeline\\{closure}()
#16 /home/u409593045/domains/aviat.id/public_html/prima_system/ticketing_system/vendor/laravel/framework/src/Illuminate/Pipeline/Pipeline.php(183): App\\Http\\Middleware\\MenuMiddleware->handle()
#17 /home/u409593045/domains/aviat.id/public_html/prima_system/ticketing_system/vendor/laravel/framework/src/Illuminate/Routing/Middleware/SubstituteBindings.php(50): Illuminate\\Pipeline\\Pipeline->Illuminate\\Pipeline\\{closure}()
#18 /home/u409593045/domains/aviat.id/public_html/prima_system/ticketing_system/vendor/laravel/framework/src/Illuminate/Pipeline/Pipeline.php(183): Illuminate\\Routing\\Middleware\\SubstituteBindings->handle()
#19 /home/u409593045/domains/aviat.id/public_html/prima_system/ticketing_system/vendor/laravel/framework/src/Illuminate/Auth/Middleware/Authenticate.php(57): Illuminate\\Pipeline\\Pipeline->Illuminate\\Pipeline\\{closure}()
#20 /home/u409593045/domains/aviat.id/public_html/prima_system/ticketing_system/vendor/laravel/framework/src/Illuminate/Pipeline/Pipeline.php(183): Illuminate\\Auth\\Middleware\\Authenticate->handle()
#21 /home/u409593045/domains/aviat.id/public_html/prima_system/ticketing_system/vendor/laravel/framework/src/Illuminate/Foundation/Http/Middleware/VerifyCsrfToken.php(78): Illuminate\\Pipeline\\Pipeline->Illuminate\\Pipeline\\{closure}()
#22 /home/u409593045/domains/aviat.id/public_html/prima_system/ticketing_system/vendor/laravel/framework/src/Illuminate/Pipeline/Pipeline.php(183): Illuminate\\Foundation\\Http\\Middleware\\VerifyCsrfToken->handle()
#23 /home/u409593045/domains/aviat.id/public_html/prima_system/ticketing_system/vendor/laravel/framework/src/Illuminate/View/Middleware/ShareErrorsFromSession.php(49): Illuminate\\Pipeline\\Pipeline->Illuminate\\Pipeline\\{closure}()
#24 /home/u409593045/domains/aviat.id/public_html/prima_system/ticketing_system/vendor/laravel/framework/src/Illuminate/Pipeline/Pipeline.php(183): Illuminate\\View\\Middleware\\ShareErrorsFromSession->handle()
#25 /home/u409593045/domains/aviat.id/public_html/prima_system/ticketing_system/vendor/laravel/framework/src/Illuminate/Session/Middleware/StartSession.php(121): Illuminate\\Pipeline\\Pipeline->Illuminate\\Pipeline\\{closure}()
#26 /home/u409593045/domains/aviat.id/public_html/prima_system/ticketing_system/vendor/laravel/framework/src/Illuminate/Session/Middleware/StartSession.php(64): Illuminate\\Session\\Middleware\\StartSession->handleStatefulRequest()
#27 /home/u409593045/domains/aviat.id/public_html/prima_system/ticketing_system/vendor/laravel/framework/src/Illuminate/Pipeline/Pipeline.php(183): Illuminate\\Session\\Middleware\\StartSession->handle()
#28 /home/u409593045/domains/aviat.id/public_html/prima_system/ticketing_system/vendor/laravel/framework/src/Illuminate/Cookie/Middleware/AddQueuedCookiesToResponse.php(37): Illuminate\\Pipeline\\Pipeline->Illuminate\\Pipeline\\{closure}()
#29 /home/u409593045/domains/aviat.id/public_html/prima_system/ticketing_system/vendor/laravel/framework/src/Illuminate/Pipeline/Pipeline.php(183): Illuminate\\Cookie\\Middleware\\AddQueuedCookiesToResponse->handle()
#30 /home/u409593045/domains/aviat.id/public_html/prima_system/ticketing_system/vendor/laravel/framework/src/Illuminate/Cookie/Middleware/EncryptCookies.php(67): Illuminate\\Pipeline\\Pipeline->Illuminate\\Pipeline\\{closure}()
#31 /home/u409593045/domains/aviat.id/public_html/prima_system/ticketing_system/vendor/laravel/framework/src/Illuminate/Pipeline/Pipeline.php(183): Illuminate\\Cookie\\Middleware\\EncryptCookies->handle()
#32 /home/u409593045/domains/aviat.id/public_html/prima_system/ticketing_system/vendor/laravel/framework/src/Illuminate/Pipeline/Pipeline.php(119): Illuminate\\Pipeline\\Pipeline->Illuminate\\Pipeline\\{closure}()
#33 /home/u409593045/domains/aviat.id/public_html/prima_system/ticketing_system/vendor/laravel/framework/src/Illuminate/Routing/Router.php(805): Illuminate\\Pipeline\\Pipeline->then()
#34 /home/u409593045/domains/aviat.id/public_html/prima_system/ticketing_system/vendor/laravel/framework/src/Illuminate/Routing/Router.php(784): Illuminate\\Routing\\Router->runRouteWithinStack()
#35 /home/u409593045/domains/aviat.id/public_html/prima_system/ticketing_system/vendor/laravel/framework/src/Illuminate/Routing/Router.php(748): Illuminate\\Routing\\Router->runRoute()
#36 /home/u409593045/domains/aviat.id/public_html/prima_system/ticketing_system/vendor/laravel/framework/src/Illuminate/Routing/Router.php(737): Illuminate\\Routing\\Router->dispatchToRoute()
#37 /home/u409593045/domains/aviat.id/public_html/prima_system/ticketing_system/vendor/laravel/framework/src/Illuminate/Foundation/Http/Kernel.php(200): Illuminate\\Routing\\Router->dispatch()
#38 /home/u409593045/domains/aviat.id/public_html/prima_system/ticketing_system/vendor/laravel/framework/src/Illuminate/Pipeline/Pipeline.php(144): Illuminate\\Foundation\\Http\\Kernel->Illuminate\\Foundation\\Http\\{closure}()
#39 /home/u409593045/domains/aviat.id/public_html/prima_system/ticketing_system/vendor/laravel/framework/src/Illuminate/Foundation/Http/Middleware/TransformsRequest.php(21): Illuminate\\Pipeline\\Pipeline->Illuminate\\Pipeline\\{closure}()
#40 /home/u409593045/domains/aviat.id/public_html/prima_system/ticketing_system/vendor/laravel/framework/src/Illuminate/Foundation/Http/Middleware/ConvertEmptyStringsToNull.php(31): Illuminate\\Foundation\\Http\\Middleware\\TransformsRequest->handle()
#41 /home/u409593045/domains/aviat.id/public_html/prima_system/ticketing_system/vendor/laravel/framework/src/Illuminate/Pipeline/Pipeline.php(183): Illuminate\\Foundation\\Http\\Middleware\\ConvertEmptyStringsToNull->handle()
#42 /home/u409593045/domains/aviat.id/public_html/prima_system/ticketing_system/vendor/laravel/framework/src/Illuminate/Foundation/Http/Middleware/TransformsRequest.php(21): Illuminate\\Pipeline\\Pipeline->Illuminate\\Pipeline\\{closure}()
#43 /home/u409593045/domains/aviat.id/public_html/prima_system/ticketing_system/vendor/laravel/framework/src/Illuminate/Foundation/Http/Middleware/TrimStrings.php(40): Illuminate\\Foundation\\Http\\Middleware\\TransformsRequest->handle()
#44 /home/u409593045/domains/aviat.id/public_html/prima_system/ticketing_system/vendor/laravel/framework/src/Illuminate/Pipeline/Pipeline.php(183): Illuminate\\Foundation\\Http\\Middleware\\TrimStrings->handle()
#45 /home/u409593045/domains/aviat.id/public_html/prima_system/ticketing_system/vendor/laravel/framework/src/Illuminate/Foundation/Http/Middleware/ValidatePostSize.php(27): Illuminate\\Pipeline\\Pipeline->Illuminate\\Pipeline\\{closure}()
#46 /home/u409593045/domains/aviat.id/public_html/prima_system/ticketing_system/vendor/laravel/framework/src/Illuminate/Pipeline/Pipeline.php(183): Illuminate\\Foundation\\Http\\Middleware\\ValidatePostSize->handle()
#47 /home/u409593045/domains/aviat.id/public_html/prima_system/ticketing_system/vendor/laravel/framework/src/Illuminate/Foundation/Http/Middleware/PreventRequestsDuringMaintenance.php(99): Illuminate\\Pipeline\\Pipeline->Illuminate\\Pipeline\\{closure}()
#48 /home/u409593045/domains/aviat.id/public_html/prima_system/ticketing_system/vendor/laravel/framework/src/Illuminate/Pipeline/Pipeline.php(183): Illuminate\\Foundation\\Http\\Middleware\\PreventRequestsDuringMaintenance->handle()
#49 /home/u409593045/domains/aviat.id/public_html/prima_system/ticketing_system/vendor/laravel/framework/src/Illuminate/Http/Middleware/HandleCors.php(49): Illuminate\\Pipeline\\Pipeline->Illuminate\\Pipeline\\{closure}()
#50 /home/u409593045/domains/aviat.id/public_html/prima_system/ticketing_system/vendor/laravel/framework/src/Illuminate/Pipeline/Pipeline.php(183): Illuminate\\Http\\Middleware\\HandleCors->handle()
#51 /home/u409593045/domains/aviat.id/public_html/prima_system/ticketing_system/vendor/laravel/framework/src/Illuminate/Http/Middleware/TrustProxies.php(39): Illuminate\\Pipeline\\Pipeline->Illuminate\\Pipeline\\{closure}()
#52 /home/u409593045/domains/aviat.id/public_html/prima_system/ticketing_system/vendor/laravel/framework/src/Illuminate/Pipeline/Pipeline.php(183): Illuminate\\Http\\Middleware\\TrustProxies->handle()
#53 /home/u409593045/domains/aviat.id/public_html/prima_system/ticketing_system/vendor/laravel/framework/src/Illuminate/Pipeline/Pipeline.php(119): Illuminate\\Pipeline\\Pipeline->Illuminate\\Pipeline\\{closure}()
#54 /home/u409593045/domains/aviat.id/public_html/prima_system/ticketing_system/vendor/laravel/framework/src/Illuminate/Foundation/Http/Kernel.php(175): Illuminate\\Pipeline\\Pipeline->then()
#55 /home/u409593045/domains/aviat.id/public_html/prima_system/ticketing_system/vendor/laravel/framework/src/Illuminate/Foundation/Http/Kernel.php(144): Illuminate\\Foundation\\Http\\Kernel->sendRequestThroughRouter()
#56 /home/u409593045/domains/aviat.id/public_html/prima_system/index.php(51): Illuminate\\Foundation\\Http\\Kernel->handle()
#57 {main}

[previous exception] [object] (ErrorException(code: 0): Undefined variable $totalClosed at /home/u409593045/domains/aviat.id/public_html/prima_system/ticketing_system/storage/framework/views/50b20169f40b2934c20b8acc4aa4600f.php:11)
[stacktrace]
#0 /home/u409593045/domains/aviat.id/public_html/prima_system/ticketing_system/vendor/laravel/framework/src/Illuminate/Foundation/Bootstrap/HandleExceptions.php(255): Illuminate\\Foundation\\Bootstrap\\HandleExceptions->handleError()
#1 /home/u409593045/domains/aviat.id/public_html/prima_system/ticketing_system/storage/framework/views/50b20169f40b2934c20b8acc4aa4600f.php(11): Illuminate\\Foundation\\Bootstrap\\HandleExceptions->Illuminate\\Foundation\\Bootstrap\\{closure}()
#2 /home/u409593045/domains/aviat.id/public_html/prima_system/ticketing_system/vendor/laravel/framework/src/Illuminate/Filesystem/Filesystem.php(123): require('/home/u40959304...')
#3 /home/u409593045/domains/aviat.id/public_html/prima_system/ticketing_system/vendor/laravel/framework/src/Illuminate/Filesystem/Filesystem.php(124): Illuminate\\Filesystem\\Filesystem::Illuminate\\Filesystem\\{closure}()
#4 /home/u409593045/domains/aviat.id/public_html/prima_system/ticketing_system/vendor/laravel/framework/src/Illuminate/View/Engines/PhpEngine.php(58): Illuminate\\Filesystem\\Filesystem->getRequire()
#5 /home/u409593045/domains/aviat.id/public_html/prima_system/ticketing_system/vendor/laravel/framework/src/Illuminate/View/Engines/CompilerEngine.php(72): Illuminate\\View\\Engines\\PhpEngine->evaluatePath()
#6 /home/u409593045/domains/aviat.id/public_html/prima_system/ticketing_system/vendor/laravel/framework/src/Illuminate/View/View.php(207): Illuminate\\View\\Engines\\CompilerEngine->get()
#7 /home/u409593045/domains/aviat.id/public_html/prima_system/ticketing_system/vendor/laravel/framework/src/Illuminate/View/View.php(190): Illuminate\\View\\View->getContents()
#8 /home/u409593045/domains/aviat.id/public_html/prima_system/ticketing_system/vendor/laravel/framework/src/Illuminate/View/View.php(159): Illuminate\\View\\View->renderContents()
#9 /home/u409593045/domains/aviat.id/public_html/prima_system/ticketing_system/vendor/laravel/framework/src/Illuminate/Http/Response.php(69): Illuminate\\View\\View->render()
#10 /home/u409593045/domains/aviat.id/public_html/prima_system/ticketing_system/vendor/laravel/framework/src/Illuminate/Http/Response.php(35): Illuminate\\Http\\Response->setContent()
#11 /home/u409593045/domains/aviat.id/public_html/prima_system/ticketing_system/vendor/laravel/framework/src/Illuminate/Routing/Router.php(918): Illuminate\\Http\\Response->__construct()
#12 /home/u409593045/domains/aviat.id/public_html/prima_system/ticketing_system/vendor/laravel/framework/src/Illuminate/Routing/Router.php(885): Illuminate\\Routing\\Router::toResponse()
#13 /home/u409593045/domains/aviat.id/public_html/prima_system/ticketing_system/vendor/laravel/framework/src/Illuminate/Routing/Router.php(805): Illuminate\\Routing\\Router->prepareResponse()
#14 /home/u409593045/domains/aviat.id/public_html/prima_system/ticketing_system/vendor/laravel/framework/src/Illuminate/Pipeline/Pipeline.php(144): Illuminate\\Routing\\Router->Illuminate\\Routing\\{closure}()
#15 /home/u409593045/domains/aviat.id/public_html/prima_system/ticketing_system/app/Http/Middleware/PreventBackHistory.php(18): Illuminate\\Pipeline\\Pipeline->Illuminate\\Pipeline\\{closure}()
#16 /home/u409593045/domains/aviat.id/public_html/prima_system/ticketing_system/vendor/laravel/framework/src/Illuminate/Pipeline/Pipeline.php(183): App\\Http\\Middleware\\PreventBackHistory->handle()
#17 /home/u409593045/domains/aviat.id/public_html/prima_system/ticketing_system/app/Http/Middleware/MenuMiddleware.php(23): Illuminate\\Pipeline\\Pipeline->Illuminate\\Pipeline\\{closure}()
#18 /home/u409593045/domains/aviat.id/public_html/prima_system/ticketing_system/vendor/laravel/framework/src/Illuminate/Pipeline/Pipeline.php(183): App\\Http\\Middleware\\MenuMiddleware->handle()
#19 /home/u409593045/domains/aviat.id/public_html/prima_system/ticketing_system/vendor/laravel/framework/src/Illuminate/Routing/Middleware/SubstituteBindings.php(50): Illuminate\\Pipeline\\Pipeline->Illuminate\\Pipeline\\{closure}()
#20 /home/u409593045/domains/aviat.id/public_html/prima_system/ticketing_system/vendor/laravel/framework/src/Illuminate/Pipeline/Pipeline.php(183): Illuminate\\Routing\\Middleware\\SubstituteBindings->handle()
#21 /home/u409593045/domains/aviat.id/public_html/prima_system/ticketing_system/vendor/laravel/framework/src/Illuminate/Auth/Middleware/Authenticate.php(57): Illuminate\\Pipeline\\Pipeline->Illuminate\\Pipeline\\{closure}()
#22 /home/u409593045/domains/aviat.id/public_html/prima_system/ticketing_system/vendor/laravel/framework/src/Illuminate/Pipeline/Pipeline.php(183): Illuminate\\Auth\\Middleware\\Authenticate->handle()
#23 /home/u409593045/domains/aviat.id/public_html/prima_system/ticketing_system/vendor/laravel/framework/src/Illuminate/Foundation/Http/Middleware/VerifyCsrfToken.php(78): Illuminate\\Pipeline\\Pipeline->Illuminate\\Pipeline\\{closure}()
#24 /home/u409593045/domains/aviat.id/public_html/prima_system/ticketing_system/vendor/laravel/framework/src/Illuminate/Pipeline/Pipeline.php(183): Illuminate\\Foundation\\Http\\Middleware\\VerifyCsrfToken->handle()
#25 /home/u409593045/domains/aviat.id/public_html/prima_system/ticketing_system/vendor/laravel/framework/src/Illuminate/View/Middleware/ShareErrorsFromSession.php(49): Illuminate\\Pipeline\\Pipeline->Illuminate\\Pipeline\\{closure}()
#26 /home/u409593045/domains/aviat.id/public_html/prima_system/ticketing_system/vendor/laravel/framework/src/Illuminate/Pipeline/Pipeline.php(183): Illuminate\\View\\Middleware\\ShareErrorsFromSession->handle()
#27 /home/u409593045/domains/aviat.id/public_html/prima_system/ticketing_system/vendor/laravel/framework/src/Illuminate/Session/Middleware/StartSession.php(121): Illuminate\\Pipeline\\Pipeline->Illuminate\\Pipeline\\{closure}()
#28 /home/u409593045/domains/aviat.id/public_html/prima_system/ticketing_system/vendor/laravel/framework/src/Illuminate/Session/Middleware/StartSession.php(64): Illuminate\\Session\\Middleware\\StartSession->handleStatefulRequest()
#29 /home/u409593045/domains/aviat.id/public_html/prima_system/ticketing_system/vendor/laravel/framework/src/Illuminate/Pipeline/Pipeline.php(183): Illuminate\\Session\\Middleware\\StartSession->handle()
#30 /home/u409593045/domains/aviat.id/public_html/prima_system/ticketing_system/vendor/laravel/framework/src/Illuminate/Cookie/Middleware/AddQueuedCookiesToResponse.php(37): Illuminate\\Pipeline\\Pipeline->Illuminate\\Pipeline\\{closure}()
#31 /home/u409593045/domains/aviat.id/public_html/prima_system/ticketing_system/vendor/laravel/framework/src/Illuminate/Pipeline/Pipeline.php(183): Illuminate\\Cookie\\Middleware\\AddQueuedCookiesToResponse->handle()
#32 /home/u409593045/domains/aviat.id/public_html/prima_system/ticketing_system/vendor/laravel/framework/src/Illuminate/Cookie/Middleware/EncryptCookies.php(67): Illuminate\\Pipeline\\Pipeline->Illuminate\\Pipeline\\{closure}()
#33 /home/u409593045/domains/aviat.id/public_html/prima_system/ticketing_system/vendor/laravel/framework/src/Illuminate/Pipeline/Pipeline.php(183): Illuminate\\Cookie\\Middleware\\EncryptCookies->handle()
#34 /home/u409593045/domains/aviat.id/public_html/prima_system/ticketing_system/vendor/laravel/framework/src/Illuminate/Pipeline/Pipeline.php(119): Illuminate\\Pipeline\\Pipeline->Illuminate\\Pipeline\\{closure}()
#35 /home/u409593045/domains/aviat.id/public_html/prima_system/ticketing_system/vendor/laravel/framework/src/Illuminate/Routing/Router.php(805): Illuminate\\Pipeline\\Pipeline->then()
#36 /home/u409593045/domains/aviat.id/public_html/prima_system/ticketing_system/vendor/laravel/framework/src/Illuminate/Routing/Router.php(784): Illuminate\\Routing\\Router->runRouteWithinStack()
#37 /home/u409593045/domains/aviat.id/public_html/prima_system/ticketing_system/vendor/laravel/framework/src/Illuminate/Routing/Router.php(748): Illuminate\\Routing\\Router->runRoute()
#38 /home/u409593045/domains/aviat.id/public_html/prima_system/ticketing_system/vendor/laravel/framework/src/Illuminate/Routing/Router.php(737): Illuminate\\Routing\\Router->dispatchToRoute()
#39 /home/u409593045/domains/aviat.id/public_html/prima_system/ticketing_system/vendor/laravel/framework/src/Illuminate/Foundation/Http/Kernel.php(200): Illuminate\\Routing\\Router->dispatch()
#40 /home/u409593045/domains/aviat.id/public_html/prima_system/ticketing_system/vendor/laravel/framework/src/Illuminate/Pipeline/Pipeline.php(144): Illuminate\\Foundation\\Http\\Kernel->Illuminate\\Foundation\\Http\\{closure}()
#41 /home/u409593045/domains/aviat.id/public_html/prima_system/ticketing_system/vendor/laravel/framework/src/Illuminate/Foundation/Http/Middleware/TransformsRequest.php(21): Illuminate\\Pipeline\\Pipeline->Illuminate\\Pipeline\\{closure}()
#42 /home/u409593045/domains/aviat.id/public_html/prima_system/ticketing_system/vendor/laravel/framework/src/Illuminate/Foundation/Http/Middleware/ConvertEmptyStringsToNull.php(31): Illuminate\\Foundation\\Http\\Middleware\\TransformsRequest->handle()
#43 /home/u409593045/domains/aviat.id/public_html/prima_system/ticketing_system/vendor/laravel/framework/src/Illuminate/Pipeline/Pipeline.php(183): Illuminate\\Foundation\\Http\\Middleware\\ConvertEmptyStringsToNull->handle()
#44 /home/u409593045/domains/aviat.id/public_html/prima_system/ticketing_system/vendor/laravel/framework/src/Illuminate/Foundation/Http/Middleware/TransformsRequest.php(21): Illuminate\\Pipeline\\Pipeline->Illuminate\\Pipeline\\{closure}()
#45 /home/u409593045/domains/aviat.id/public_html/prima_system/ticketing_system/vendor/laravel/framework/src/Illuminate/Foundation/Http/Middleware/TrimStrings.php(40): Illuminate\\Foundation\\Http\\Middleware\\TransformsRequest->handle()
#46 /home/u409593045/domains/aviat.id/public_html/prima_system/ticketing_system/vendor/laravel/framework/src/Illuminate/Pipeline/Pipeline.php(183): Illuminate\\Foundation\\Http\\Middleware\\TrimStrings->handle()
#47 /home/u409593045/domains/aviat.id/public_html/prima_system/ticketing_system/vendor/laravel/framework/src/Illuminate/Foundation/Http/Middleware/ValidatePostSize.php(27): Illuminate\\Pipeline\\Pipeline->Illuminate\\Pipeline\\{closure}()
#48 /home/u409593045/domains/aviat.id/public_html/prima_system/ticketing_system/vendor/laravel/framework/src/Illuminate/Pipeline/Pipeline.php(183): Illuminate\\Foundation\\Http\\Middleware\\ValidatePostSize->handle()
#49 /home/u409593045/domains/aviat.id/public_html/prima_system/ticketing_system/vendor/laravel/framework/src/Illuminate/Foundation/Http/Middleware/PreventRequestsDuringMaintenance.php(99): Illuminate\\Pipeline\\Pipeline->Illuminate\\Pipeline\\{closure}()
#50 /home/u409593045/domains/aviat.id/public_html/prima_system/ticketing_system/vendor/laravel/framework/src/Illuminate/Pipeline/Pipeline.php(183): Illuminate\\Foundation\\Http\\Middleware\\PreventRequestsDuringMaintenance->handle()
#51 /home/u409593045/domains/aviat.id/public_html/prima_system/ticketing_system/vendor/laravel/framework/src/Illuminate/Http/Middleware/HandleCors.php(49): Illuminate\\Pipeline\\Pipeline->Illuminate\\Pipeline\\{closure}()
#52 /home/u409593045/domains/aviat.id/public_html/prima_system/ticketing_system/vendor/laravel/framework/src/Illuminate/Pipeline/Pipeline.php(183): Illuminate\\Http\\Middleware\\HandleCors->handle()
#53 /home/u409593045/domains/aviat.id/public_html/prima_system/ticketing_system/vendor/laravel/framework/src/Illuminate/Http/Middleware/TrustProxies.php(39): Illuminate\\Pipeline\\Pipeline->Illuminate\\Pipeline\\{closure}()
#54 /home/u409593045/domains/aviat.id/public_html/prima_system/ticketing_system/vendor/laravel/framework/src/Illuminate/Pipeline/Pipeline.php(183): Illuminate\\Http\\Middleware\\TrustProxies->handle()
#55 /home/u409593045/domains/aviat.id/public_html/prima_system/ticketing_system/vendor/laravel/framework/src/Illuminate/Pipeline/Pipeline.php(119): Illuminate\\Pipeline\\Pipeline->Illuminate\\Pipeline\\{closure}()
#56 /home/u409593045/domains/aviat.id/public_html/prima_system/ticketing_system/vendor/laravel/framework/src/Illuminate/Foundation/Http/Kernel.php(175): Illuminate\\Pipeline\\Pipeline->then()
#57 /home/u409593045/domains/aviat.id/public_html/prima_system/ticketing_system/vendor/laravel/framework/src/Illuminate/Foundation/Http/Kernel.php(144): Illuminate\\Foundation\\Http\\Kernel->sendRequestThroughRouter()
#58 /home/u409593045/domains/aviat.id/public_html/prima_system/index.php(51): Illuminate\\Foundation\\Http\\Kernel->handle()
#59 {main}
"} 
[2025-11-25 09:03:38] local.ERROR: Undefined variable $totalClosed {"view":{"view":"/home/u409593045/domains/aviat.id/public_html/prima_system/ticketing_system/resources/views/dashbord/index.blade.php","data":[]},"userId":689,"exception":"[object] (Spatie\\LaravelIgnition\\Exceptions\\ViewException(code: 0): Undefined variable $totalClosed at /home/u409593045/domains/aviat.id/public_html/prima_system/ticketing_system/resources/views/dashbord/index.blade.php:12)
[stacktrace]
#0 /home/u409593045/domains/aviat.id/public_html/prima_system/ticketing_system/vendor/laravel/framework/src/Illuminate/Filesystem/Filesystem.php(123): require('/home/u40959304...')
#1 /home/u409593045/domains/aviat.id/public_html/prima_system/ticketing_system/vendor/laravel/framework/src/Illuminate/Filesystem/Filesystem.php(124): Illuminate\\Filesystem\\Filesystem::Illuminate\\Filesystem\\{closure}()
#2 /home/u409593045/domains/aviat.id/public_html/prima_system/ticketing_system/vendor/laravel/framework/src/Illuminate/View/Engines/PhpEngine.php(58): Illuminate\\Filesystem\\Filesystem->getRequire()
#3 /home/u409593045/domains/aviat.id/public_html/prima_system/ticketing_system/vendor/laravel/framework/src/Illuminate/View/Engines/CompilerEngine.php(72): Illuminate\\View\\Engines\\PhpEngine->evaluatePath()
#4 /home/u409593045/domains/aviat.id/public_html/prima_system/ticketing_system/vendor/laravel/framework/src/Illuminate/View/View.php(207): Illuminate\\View\\Engines\\CompilerEngine->get()
#5 /home/u409593045/domains/aviat.id/public_html/prima_system/ticketing_system/vendor/laravel/framework/src/Illuminate/View/View.php(190): Illuminate\\View\\View->getContents()
#6 /home/u409593045/domains/aviat.id/public_html/prima_system/ticketing_system/vendor/laravel/framework/src/Illuminate/View/View.php(159): Illuminate\\View\\View->renderContents()
#7 /home/u409593045/domains/aviat.id/public_html/prima_system/ticketing_system/vendor/laravel/framework/src/Illuminate/Http/Response.php(69): Illuminate\\View\\View->render()
#8 /home/u409593045/domains/aviat.id/public_html/prima_system/ticketing_system/vendor/laravel/framework/src/Illuminate/Http/Response.php(35): Illuminate\\Http\\Response->setContent()
#9 /home/u409593045/domains/aviat.id/public_html/prima_system/ticketing_system/vendor/laravel/framework/src/Illuminate/Routing/Router.php(918): Illuminate\\Http\\Response->__construct()
#10 /home/u409593045/domains/aviat.id/public_html/prima_system/ticketing_system/vendor/laravel/framework/src/Illuminate/Routing/Router.php(885): Illuminate\\Routing\\Router::toResponse()
#11 /home/u409593045/domains/aviat.id/public_html/prima_system/ticketing_system/vendor/laravel/framework/src/Illuminate/Routing/Router.php(805): Illuminate\\Routing\\Router->prepareResponse()
#12 /home/u409593045/domains/aviat.id/public_html/prima_system/ticketing_system/vendor/laravel/framework/src/Illuminate/Pipeline/Pipeline.php(144): Illuminate\\Routing\\Router->Illuminate\\Routing\\{closure}()
#13 /home/u409593045/domains/aviat.id/public_html/prima_system/ticketing_system/app/Http/Middleware/PreventBackHistory.php(18): Illuminate\\Pipeline\\Pipeline->Illuminate\\Pipeline\\{closure}()
#14 /home/u409593045/domains/aviat.id/public_html/prima_system/ticketing_system/vendor/laravel/framework/src/Illuminate/Pipeline/Pipeline.php(183): App\\Http\\Middleware\\PreventBackHistory->handle()
#15 /home/u409593045/domains/aviat.id/public_html/prima_system/ticketing_system/app/Http/Middleware/MenuMiddleware.php(23): Illuminate\\Pipeline\\Pipeline->Illuminate\\Pipeline\\{closure}()
#16 /home/u409593045/domains/aviat.id/public_html/prima_system/ticketing_system/vendor/laravel/framework/src/Illuminate/Pipeline/Pipeline.php(183): App\\Http\\Middleware\\MenuMiddleware->handle()
#17 /home/u409593045/domains/aviat.id/public_html/prima_system/ticketing_system/vendor/laravel/framework/src/Illuminate/Routing/Middleware/SubstituteBindings.php(50): Illuminate\\Pipeline\\Pipeline->Illuminate\\Pipeline\\{closure}()
#18 /home/u409593045/domains/aviat.id/public_html/prima_system/ticketing_system/vendor/laravel/framework/src/Illuminate/Pipeline/Pipeline.php(183): Illuminate\\Routing\\Middleware\\SubstituteBindings->handle()
#19 /home/u409593045/domains/aviat.id/public_html/prima_system/ticketing_system/vendor/laravel/framework/src/Illuminate/Auth/Middleware/Authenticate.php(57): Illuminate\\Pipeline\\Pipeline->Illuminate\\Pipeline\\{closure}()
#20 /home/u409593045/domains/aviat.id/public_html/prima_system/ticketing_system/vendor/laravel/framework/src/Illuminate/Pipeline/Pipeline.php(183): Illuminate\\Auth\\Middleware\\Authenticate->handle()
#21 /home/u409593045/domains/aviat.id/public_html/prima_system/ticketing_system/vendor/laravel/framework/src/Illuminate/Foundation/Http/Middleware/VerifyCsrfToken.php(78): Illuminate\\Pipeline\\Pipeline->Illuminate\\Pipeline\\{closure}()
#22 /home/u409593045/domains/aviat.id/public_html/prima_system/ticketing_system/vendor/laravel/framework/src/Illuminate/Pipeline/Pipeline.php(183): Illuminate\\Foundation\\Http\\Middleware\\VerifyCsrfToken->handle()
#23 /home/u409593045/domains/aviat.id/public_html/prima_system/ticketing_system/vendor/laravel/framework/src/Illuminate/View/Middleware/ShareErrorsFromSession.php(49): Illuminate\\Pipeline\\Pipeline->Illuminate\\Pipeline\\{closure}()
#24 /home/u409593045/domains/aviat.id/public_html/prima_system/ticketing_system/vendor/laravel/framework/src/Illuminate/Pipeline/Pipeline.php(183): Illuminate\\View\\Middleware\\ShareErrorsFromSession->handle()
#25 /home/u409593045/domains/aviat.id/public_html/prima_system/ticketing_system/vendor/laravel/framework/src/Illuminate/Session/Middleware/StartSession.php(121): Illuminate\\Pipeline\\Pipeline->Illuminate\\Pipeline\\{closure}()
#26 /home/u409593045/domains/aviat.id/public_html/prima_system/ticketing_system/vendor/laravel/framework/src/Illuminate/Session/Middleware/StartSession.php(64): Illuminate\\Session\\Middleware\\StartSession->handleStatefulRequest()
#27 /home/u409593045/domains/aviat.id/public_html/prima_system/ticketing_system/vendor/laravel/framework/src/Illuminate/Pipeline/Pipeline.php(183): Illuminate\\Session\\Middleware\\StartSession->handle()
#28 /home/u409593045/domains/aviat.id/public_html/prima_system/ticketing_system/vendor/laravel/framework/src/Illuminate/Cookie/Middleware/AddQueuedCookiesToResponse.php(37): Illuminate\\Pipeline\\Pipeline->Illuminate\\Pipeline\\{closure}()
#29 /home/u409593045/domains/aviat.id/public_html/prima_system/ticketing_system/vendor/laravel/framework/src/Illuminate/Pipeline/Pipeline.php(183): Illuminate\\Cookie\\Middleware\\AddQueuedCookiesToResponse->handle()
#30 /home/u409593045/domains/aviat.id/public_html/prima_system/ticketing_system/vendor/laravel/framework/src/Illuminate/Cookie/Middleware/EncryptCookies.php(67): Illuminate\\Pipeline\\Pipeline->Illuminate\\Pipeline\\{closure}()
#31 /home/u409593045/domains/aviat.id/public_html/prima_system/ticketing_system/vendor/laravel/framework/src/Illuminate/Pipeline/Pipeline.php(183): Illuminate\\Cookie\\Middleware\\EncryptCookies->handle()
#32 /home/u409593045/domains/aviat.id/public_html/prima_system/ticketing_system/vendor/laravel/framework/src/Illuminate/Pipeline/Pipeline.php(119): Illuminate\\Pipeline\\Pipeline->Illuminate\\Pipeline\\{closure}()
#33 /home/u409593045/domains/aviat.id/public_html/prima_system/ticketing_system/vendor/laravel/framework/src/Illuminate/Routing/Router.php(805): Illuminate\\Pipeline\\Pipeline->then()
#34 /home/u409593045/domains/aviat.id/public_html/prima_system/ticketing_system/vendor/laravel/framework/src/Illuminate/Routing/Router.php(784): Illuminate\\Routing\\Router->runRouteWithinStack()
#35 /home/u409593045/domains/aviat.id/public_html/prima_system/ticketing_system/vendor/laravel/framework/src/Illuminate/Routing/Router.php(748): Illuminate\\Routing\\Router->runRoute()
#36 /home/u409593045/domains/aviat.id/public_html/prima_system/ticketing_system/vendor/laravel/framework/src/Illuminate/Routing/Router.php(737): Illuminate\\Routing\\Router->dispatchToRoute()
#37 /home/u409593045/domains/aviat.id/public_html/prima_system/ticketing_system/vendor/laravel/framework/src/Illuminate/Foundation/Http/Kernel.php(200): Illuminate\\Routing\\Router->dispatch()
#38 /home/u409593045/domains/aviat.id/public_html/prima_system/ticketing_system/vendor/laravel/framework/src/Illuminate/Pipeline/Pipeline.php(144): Illuminate\\Foundation\\Http\\Kernel->Illuminate\\Foundation\\Http\\{closure}()
#39 /home/u409593045/domains/aviat.id/public_html/prima_system/ticketing_system/vendor/laravel/framework/src/Illuminate/Foundation/Http/Middleware/TransformsRequest.php(21): Illuminate\\Pipeline\\Pipeline->Illuminate\\Pipeline\\{closure}()
#40 /home/u409593045/domains/aviat.id/public_html/prima_system/ticketing_system/vendor/laravel/framework/src/Illuminate/Foundation/Http/Middleware/ConvertEmptyStringsToNull.php(31): Illuminate\\Foundation\\Http\\Middleware\\TransformsRequest->handle()
#41 /home/u409593045/domains/aviat.id/public_html/prima_system/ticketing_system/vendor/laravel/framework/src/Illuminate/Pipeline/Pipeline.php(183): Illuminate\\Foundation\\Http\\Middleware\\ConvertEmptyStringsToNull->handle()
#42 /home/u409593045/domains/aviat.id/public_html/prima_system/ticketing_system/vendor/laravel/framework/src/Illuminate/Foundation/Http/Middleware/TransformsRequest.php(21): Illuminate\\Pipeline\\Pipeline->Illuminate\\Pipeline\\{closure}()
#43 /home/u409593045/domains/aviat.id/public_html/prima_system/ticketing_system/vendor/laravel/framework/src/Illuminate/Foundation/Http/Middleware/TrimStrings.php(40): Illuminate\\Foundation\\Http\\Middleware\\TransformsRequest->handle()
#44 /home/u409593045/domains/aviat.id/public_html/prima_system/ticketing_system/vendor/laravel/framework/src/Illuminate/Pipeline/Pipeline.php(183): Illuminate\\Foundation\\Http\\Middleware\\TrimStrings->handle()
#45 /home/u409593045/domains/aviat.id/public_html/prima_system/ticketing_system/vendor/laravel/framework/src/Illuminate/Foundation/Http/Middleware/ValidatePostSize.php(27): Illuminate\\Pipeline\\Pipeline->Illuminate\\Pipeline\\{closure}()
#46 /home/u409593045/domains/aviat.id/public_html/prima_system/ticketing_system/vendor/laravel/framework/src/Illuminate/Pipeline/Pipeline.php(183): Illuminate\\Foundation\\Http\\Middleware\\ValidatePostSize->handle()
#47 /home/u409593045/domains/aviat.id/public_html/prima_system/ticketing_system/vendor/laravel/framework/src/Illuminate/Foundation/Http/Middleware/PreventRequestsDuringMaintenance.php(99): Illuminate\\Pipeline\\Pipeline->Illuminate\\Pipeline\\{closure}()
#48 /home/u409593045/domains/aviat.id/public_html/prima_system/ticketing_system/vendor/laravel/framework/src/Illuminate/Pipeline/Pipeline.php(183): Illuminate\\Foundation\\Http\\Middleware\\PreventRequestsDuringMaintenance->handle()
#49 /home/u409593045/domains/aviat.id/public_html/prima_system/ticketing_system/vendor/laravel/framework/src/Illuminate/Http/Middleware/HandleCors.php(49): Illuminate\\Pipeline\\Pipeline->Illuminate\\Pipeline\\{closure}()
#50 /home/u409593045/domains/aviat.id/public_html/prima_system/ticketing_system/vendor/laravel/framework/src/Illuminate/Pipeline/Pipeline.php(183): Illuminate\\Http\\Middleware\\HandleCors->handle()
#51 /home/u409593045/domains/aviat.id/public_html/prima_system/ticketing_system/vendor/laravel/framework/src/Illuminate/Http/Middleware/TrustProxies.php(39): Illuminate\\Pipeline\\Pipeline->Illuminate\\Pipeline\\{closure}()
#52 /home/u409593045/domains/aviat.id/public_html/prima_system/ticketing_system/vendor/laravel/framework/src/Illuminate/Pipeline/Pipeline.php(183): Illuminate\\Http\\Middleware\\TrustProxies->handle()
#53 /home/u409593045/domains/aviat.id/public_html/prima_system/ticketing_system/vendor/laravel/framework/src/Illuminate/Pipeline/Pipeline.php(119): Illuminate\\Pipeline\\Pipeline->Illuminate\\Pipeline\\{closure}()
#54 /home/u409593045/domains/aviat.id/public_html/prima_system/ticketing_system/vendor/laravel/framework/src/Illuminate/Foundation/Http/Kernel.php(175): Illuminate\\Pipeline\\Pipeline->then()
#55 /home/u409593045/domains/aviat.id/public_html/prima_system/ticketing_system/vendor/laravel/framework/src/Illuminate/Foundation/Http/Kernel.php(144): Illuminate\\Foundation\\Http\\Kernel->sendRequestThroughRouter()
#56 /home/u409593045/domains/aviat.id/public_html/prima_system/index.php(51): Illuminate\\Foundation\\Http\\Kernel->handle()
#57 {main}

[previous exception] [object] (ErrorException(code: 0): Undefined variable $totalClosed at /home/u409593045/domains/aviat.id/public_html/prima_system/ticketing_system/storage/framework/views/50b20169f40b2934c20b8acc4aa4600f.php:11)
[stacktrace]
#0 /home/u409593045/domains/aviat.id/public_html/prima_system/ticketing_system/vendor/laravel/framework/src/Illuminate/Foundation/Bootstrap/HandleExceptions.php(255): Illuminate\\Foundation\\Bootstrap\\HandleExceptions->handleError()
#1 /home/u409593045/domains/aviat.id/public_html/prima_system/ticketing_system/storage/framework/views/50b20169f40b2934c20b8acc4aa4600f.php(11): Illuminate\\Foundation\\Bootstrap\\HandleExceptions->Illuminate\\Foundation\\Bootstrap\\{closure}()
#2 /home/u409593045/domains/aviat.id/public_html/prima_system/ticketing_system/vendor/laravel/framework/src/Illuminate/Filesystem/Filesystem.php(123): require('/home/u40959304...')
#3 /home/u409593045/domains/aviat.id/public_html/prima_system/ticketing_system/vendor/laravel/framework/src/Illuminate/Filesystem/Filesystem.php(124): Illuminate\\Filesystem\\Filesystem::Illuminate\\Filesystem\\{closure}()
#4 /home/u409593045/domains/aviat.id/public_html/prima_system/ticketing_system/vendor/laravel/framework/src/Illuminate/View/Engines/PhpEngine.php(58): Illuminate\\Filesystem\\Filesystem->getRequire()
#5 /home/u409593045/domains/aviat.id/public_html/prima_system/ticketing_system/vendor/laravel/framework/src/Illuminate/View/Engines/CompilerEngine.php(72): Illuminate\\View\\Engines\\PhpEngine->evaluatePath()
#6 /home/u409593045/domains/aviat.id/public_html/prima_system/ticketing_system/vendor/laravel/framework/src/Illuminate/View/View.php(207): Illuminate\\View\\Engines\\CompilerEngine->get()
#7 /home/u409593045/domains/aviat.id/public_html/prima_system/ticketing_system/vendor/laravel/framework/src/Illuminate/View/View.php(190): Illuminate\\View\\View->getContents()
#8 /home/u409593045/domains/aviat.id/public_html/prima_system/ticketing_system/vendor/laravel/framework/src/Illuminate/View/View.php(159): Illuminate\\View\\View->renderContents()
#9 /home/u409593045/domains/aviat.id/public_html/prima_system/ticketing_system/vendor/laravel/framework/src/Illuminate/Http/Response.php(69): Illuminate\\View\\View->render()
#10 /home/u409593045/domains/aviat.id/public_html/prima_system/ticketing_system/vendor/laravel/framework/src/Illuminate/Http/Response.php(35): Illuminate\\Http\\Response->setContent()
#11 /home/u409593045/domains/aviat.id/public_html/prima_system/ticketing_system/vendor/laravel/framework/src/Illuminate/Routing/Router.php(918): Illuminate\\Http\\Response->__construct()
#12 /home/u409593045/domains/aviat.id/public_html/prima_system/ticketing_system/vendor/laravel/framework/src/Illuminate/Routing/Router.php(885): Illuminate\\Routing\\Router::toResponse()
#13 /home/u409593045/domains/aviat.id/public_html/prima_system/ticketing_system/vendor/laravel/framework/src/Illuminate/Routing/Router.php(805): Illuminate\\Routing\\Router->prepareResponse()
#14 /home/u409593045/domains/aviat.id/public_html/prima_system/ticketing_system/vendor/laravel/framework/src/Illuminate/Pipeline/Pipeline.php(144): Illuminate\\Routing\\Router->Illuminate\\Routing\\{closure}()
#15 /home/u409593045/domains/aviat.id/public_html/prima_system/ticketing_system/app/Http/Middleware/PreventBackHistory.php(18): Illuminate\\Pipeline\\Pipeline->Illuminate\\Pipeline\\{closure}()
#16 /home/u409593045/domains/aviat.id/public_html/prima_system/ticketing_system/vendor/laravel/framework/src/Illuminate/Pipeline/Pipeline.php(183): App\\Http\\Middleware\\PreventBackHistory->handle()
#17 /home/u409593045/domains/aviat.id/public_html/prima_system/ticketing_system/app/Http/Middleware/MenuMiddleware.php(23): Illuminate\\Pipeline\\Pipeline->Illuminate\\Pipeline\\{closure}()
#18 /home/u409593045/domains/aviat.id/public_html/prima_system/ticketing_system/vendor/laravel/framework/src/Illuminate/Pipeline/Pipeline.php(183): App\\Http\\Middleware\\MenuMiddleware->handle()
#19 /home/u409593045/domains/aviat.id/public_html/prima_system/ticketing_system/vendor/laravel/framework/src/Illuminate/Routing/Middleware/SubstituteBindings.php(50): Illuminate\\Pipeline\\Pipeline->Illuminate\\Pipeline\\{closure}()
#20 /home/u409593045/domains/aviat.id/public_html/prima_system/ticketing_system/vendor/laravel/framework/src/Illuminate/Pipeline/Pipeline.php(183): Illuminate\\Routing\\Middleware\\SubstituteBindings->handle()
#21 /home/u409593045/domains/aviat.id/public_html/prima_system/ticketing_system/vendor/laravel/framework/src/Illuminate/Auth/Middleware/Authenticate.php(57): Illuminate\\Pipeline\\Pipeline->Illuminate\\Pipeline\\{closure}()
#22 /home/u409593045/domains/aviat.id/public_html/prima_system/ticketing_system/vendor/laravel/framework/src/Illuminate/Pipeline/Pipeline.php(183): Illuminate\\Auth\\Middleware\\Authenticate->handle()
#23 /home/u409593045/domains/aviat.id/public_html/prima_system/ticketing_system/vendor/laravel/framework/src/Illuminate/Foundation/Http/Middleware/VerifyCsrfToken.php(78): Illuminate\\Pipeline\\Pipeline->Illuminate\\Pipeline\\{closure}()
#24 /home/u409593045/domains/aviat.id/public_html/prima_system/ticketing_system/vendor/laravel/framework/src/Illuminate/Pipeline/Pipeline.php(183): Illuminate\\Foundation\\Http\\Middleware\\VerifyCsrfToken->handle()
#25 /home/u409593045/domains/aviat.id/public_html/prima_system/ticketing_system/vendor/laravel/framework/src/Illuminate/View/Middleware/ShareErrorsFromSession.php(49): Illuminate\\Pipeline\\Pipeline->Illuminate\\Pipeline\\{closure}()
#26 /home/u409593045/domains/aviat.id/public_html/prima_system/ticketing_system/vendor/laravel/framework/src/Illuminate/Pipeline/Pipeline.php(183): Illuminate\\View\\Middleware\\ShareErrorsFromSession->handle()
#27 /home/u409593045/domains/aviat.id/public_html/prima_system/ticketing_system/vendor/laravel/framework/src/Illuminate/Session/Middleware/StartSession.php(121): Illuminate\\Pipeline\\Pipeline->Illuminate\\Pipeline\\{closure}()
#28 /home/u409593045/domains/aviat.id/public_html/prima_system/ticketing_system/vendor/laravel/framework/src/Illuminate/Session/Middleware/StartSession.php(64): Illuminate\\Session\\Middleware\\StartSession->handleStatefulRequest()
#29 /home/u409593045/domains/aviat.id/public_html/prima_system/ticketing_system/vendor/laravel/framework/src/Illuminate/Pipeline/Pipeline.php(183): Illuminate\\Session\\Middleware\\StartSession->handle()
#30 /home/u409593045/domains/aviat.id/public_html/prima_system/ticketing_system/vendor/laravel/framework/src/Illuminate/Cookie/Middleware/AddQueuedCookiesToResponse.php(37): Illuminate\\Pipeline\\Pipeline->Illuminate\\Pipeline\\{closure}()
#31 /home/u409593045/domains/aviat.id/public_html/prima_system/ticketing_system/vendor/laravel/framework/src/Illuminate/Pipeline/Pipeline.php(183): Illuminate\\Cookie\\Middleware\\AddQueuedCookiesToResponse->handle()
#32 /home/u409593045/domains/aviat.id/public_html/prima_system/ticketing_system/vendor/laravel/framework/src/Illuminate/Cookie/Middleware/EncryptCookies.php(67): Illuminate\\Pipeline\\Pipeline->Illuminate\\Pipeline\\{closure}()
#33 /home/u409593045/domains/aviat.id/public_html/prima_system/ticketing_system/vendor/laravel/framework/src/Illuminate/Pipeline/Pipeline.php(183): Illuminate\\Cookie\\Middleware\\EncryptCookies->handle()
#34 /home/u409593045/domains/aviat.id/public_html/prima_system/ticketing_system/vendor/laravel/framework/src/Illuminate/Pipeline/Pipeline.php(119): Illuminate\\Pipeline\\Pipeline->Illuminate\\Pipeline\\{closure}()
#35 /home/u409593045/domains/aviat.id/public_html/prima_system/ticketing_system/vendor/laravel/framework/src/Illuminate/Routing/Router.php(805): Illuminate\\Pipeline\\Pipeline->then()
#36 /home/u409593045/domains/aviat.id/public_html/prima_system/ticketing_system/vendor/laravel/framework/src/Illuminate/Routing/Router.php(784): Illuminate\\Routing\\Router->runRouteWithinStack()
#37 /home/u409593045/domains/aviat.id/public_html/prima_system/ticketing_system/vendor/laravel/framework/src/Illuminate/Routing/Router.php(748): Illuminate\\Routing\\Router->runRoute()
#38 /home/u409593045/domains/aviat.id/public_html/prima_system/ticketing_system/vendor/laravel/framework/src/Illuminate/Routing/Router.php(737): Illuminate\\Routing\\Router->dispatchToRoute()
#39 /home/u409593045/domains/aviat.id/public_html/prima_system/ticketing_system/vendor/laravel/framework/src/Illuminate/Foundation/Http/Kernel.php(200): Illuminate\\Routing\\Router->dispatch()
#40 /home/u409593045/domains/aviat.id/public_html/prima_system/ticketing_system/vendor/laravel/framework/src/Illuminate/Pipeline/Pipeline.php(144): Illuminate\\Foundation\\Http\\Kernel->Illuminate\\Foundation\\Http\\{closure}()
#41 /home/u409593045/domains/aviat.id/public_html/prima_system/ticketing_system/vendor/laravel/framework/src/Illuminate/Foundation/Http/Middleware/TransformsRequest.php(21): Illuminate\\Pipeline\\Pipeline->Illuminate\\Pipeline\\{closure}()
#42 /home/u409593045/domains/aviat.id/public_html/prima_system/ticketing_system/vendor/laravel/framework/src/Illuminate/Foundation/Http/Middleware/ConvertEmptyStringsToNull.php(31): Illuminate\\Foundation\\Http\\Middleware\\TransformsRequest->handle()
#43 /home/u409593045/domains/aviat.id/public_html/prima_system/ticketing_system/vendor/laravel/framework/src/Illuminate/Pipeline/Pipeline.php(183): Illuminate\\Foundation\\Http\\Middleware\\ConvertEmptyStringsToNull->handle()
#44 /home/u409593045/domains/aviat.id/public_html/prima_system/ticketing_system/vendor/laravel/framework/src/Illuminate/Foundation/Http/Middleware/TransformsRequest.php(21): Illuminate\\Pipeline\\Pipeline->Illuminate\\Pipeline\\{closure}()
#45 /home/u409593045/domains/aviat.id/public_html/prima_system/ticketing_system/vendor/laravel/framework/src/Illuminate/Foundation/Http/Middleware/TrimStrings.php(40): Illuminate\\Foundation\\Http\\Middleware\\TransformsRequest->handle()
#46 /home/u409593045/domains/aviat.id/public_html/prima_system/ticketing_system/vendor/laravel/framework/src/Illuminate/Pipeline/Pipeline.php(183): Illuminate\\Foundation\\Http\\Middleware\\TrimStrings->handle()
#47 /home/u409593045/domains/aviat.id/public_html/prima_system/ticketing_system/vendor/laravel/framework/src/Illuminate/Foundation/Http/Middleware/ValidatePostSize.php(27): Illuminate\\Pipeline\\Pipeline->Illuminate\\Pipeline\\{closure}()
#48 /home/u409593045/domains/aviat.id/public_html/prima_system/ticketing_system/vendor/laravel/framework/src/Illuminate/Pipeline/Pipeline.php(183): Illuminate\\Foundation\\Http\\Middleware\\ValidatePostSize->handle()
#49 /home/u409593045/domains/aviat.id/public_html/prima_system/ticketing_system/vendor/laravel/framework/src/Illuminate/Foundation/Http/Middleware/PreventRequestsDuringMaintenance.php(99): Illuminate\\Pipeline\\Pipeline->Illuminate\\Pipeline\\{closure}()
#50 /home/u409593045/domains/aviat.id/public_html/prima_system/ticketing_system/vendor/laravel/framework/src/Illuminate/Pipeline/Pipeline.php(183): Illuminate\\Foundation\\Http\\Middleware\\PreventRequestsDuringMaintenance->handle()
#51 /home/u409593045/domains/aviat.id/public_html/prima_system/ticketing_system/vendor/laravel/framework/src/Illuminate/Http/Middleware/HandleCors.php(49): Illuminate\\Pipeline\\Pipeline->Illuminate\\Pipeline\\{closure}()
#52 /home/u409593045/domains/aviat.id/public_html/prima_system/ticketing_system/vendor/laravel/framework/src/Illuminate/Pipeline/Pipeline.php(183): Illuminate\\Http\\Middleware\\HandleCors->handle()
#53 /home/u409593045/domains/aviat.id/public_html/prima_system/ticketing_system/vendor/laravel/framework/src/Illuminate/Http/Middleware/TrustProxies.php(39): Illuminate\\Pipeline\\Pipeline->Illuminate\\Pipeline\\{closure}()
#54 /home/u409593045/domains/aviat.id/public_html/prima_system/ticketing_system/vendor/laravel/framework/src/Illuminate/Pipeline/Pipeline.php(183): Illuminate\\Http\\Middleware\\TrustProxies->handle()
#55 /home/u409593045/domains/aviat.id/public_html/prima_system/ticketing_system/vendor/laravel/framework/src/Illuminate/Pipeline/Pipeline.php(119): Illuminate\\Pipeline\\Pipeline->Illuminate\\Pipeline\\{closure}()
#56 /home/u409593045/domains/aviat.id/public_html/prima_system/ticketing_system/vendor/laravel/framework/src/Illuminate/Foundation/Http/Kernel.php(175): Illuminate\\Pipeline\\Pipeline->then()
#57 /home/u409593045/domains/aviat.id/public_html/prima_system/ticketing_system/vendor/laravel/framework/src/Illuminate/Foundation/Http/Kernel.php(144): Illuminate\\Foundation\\Http\\Kernel->sendRequestThroughRouter()
#58 /home/u409593045/domains/aviat.id/public_html/prima_system/index.php(51): Illuminate\\Foundation\\Http\\Kernel->handle()
#59 {main}
"} 
